-------------------------------------------------------------------------------
Test set: com.quinbay.cucumber.CucumberRunner
-------------------------------------------------------------------------------
Tests run: 1, Failures: 0, Errors: 1, Skipped: 0, Time elapsed: 0.814 s <<< FAILURE! - in com.quinbay.cucumber.CucumberRunner
Verify login fails with incorrect credentials(LoginFeature)  Time elapsed: 0.279 s  <<< ERROR!
java.lang.IllegalStateException: The driver executable does not exist: /Users/hariprasanthm/IdeaProjects/CucumberTraining/src/main/resources/driver/chromedriver

