<?xml version="1.0" encoding="UTF-8"?>
<testsuite xmlns:xsi="http://www.w3.org/2001/XMLSchema-instance" xsi:noNamespaceSchemaLocation="https://maven.apache.org/surefire/maven-surefire-plugin/xsd/surefire-test-report.xsd" name="com.quinbay.cucumber.CucumberRunner" time="0.814" tests="1" errors="1" skipped="0" failures="0">
  <properties>
[...]
</properties>
  <testcase name="Verify login fails with incorrect credentials" classname="LoginFeature" time="0.279">
    <error message="The driver executable does not exist: /Users/hariprasanthm/IdeaProjects/CucumberTraining/src/main/resources/driver/chromedriver" type="java.lang.IllegalStateException">java.lang.IllegalStateException: The driver executable does not exist: /Users/hariprasanthm/IdeaProjects/CucumberTraining/src/main/resources/driver/chromedriver
</error>
    <system-out><![CDATA[
@LoginFeature @Sanity @Test1
Scenario: Verify login fails with incorrect credentials &amp#27;[90m# src/test/resources/features/Login.feature:12&amp#27;[0m
      &amp#27;[31mjava.lang.IllegalStateException: The driver executable does not exist: /Users/hariprasanthm/IdeaProjects/CucumberTraining/src/main/resources/driver/chromedriver
	at com.google.common.base.Preconditions.checkState(Preconditions.java:585)
	at org.openqa.selenium.remote.service.DriverService.checkExecutable(DriverService.java:146)
	at org.openqa.selenium.remote.service.DriverService.findExecutable(DriverService.java:141)
	at org.openqa.selenium.chrome.ChromeDriverService.access$000(ChromeDriverService.java:35)
	at org.openqa.selenium.chrome.ChromeDriverService$Builder.findDefaultExecutable(ChromeDriverService.java:159)
	at org.openqa.selenium.remote.service.DriverService$Builder.build(DriverService.java:355)
	at org.openqa.selenium.chrome.ChromeDriverService.createDefaultService(ChromeDriverService.java:94)
	at org.openqa.selenium.chrome.ChromeDriver.<init>(ChromeDriver.java:123)
	at com.quinbay.cucumber.CucumberHooks.testBefore(CucumberHooks.java:14)
&amp#27;[0m
  &amp#27;[36mGiven &amp#27;[0m&amp#27;[36mI am on facebook login page&amp#27;[0m                     &amp#27;[90m# com.quinbay.cucumber.steps.LoginSteps.iAmOnFacebookLoginPage()&amp#27;[0m
  &amp#27;[36mWhen &amp#27;[0m&amp#27;[36mI enter username as &amp#27;[0m&amp#27;[36m&amp#27;[1m"Tom"&amp#27;[0m                        &amp#27;[90m# com.quinbay.cucumber.steps.LoginSteps.iEnterUsernameAs(java.lang.String)&amp#27;[0m
  &amp#27;[36mAnd &amp#27;[0m&amp#27;[36mI enter password as &amp#27;[0m&amp#27;[36m&amp#27;[1m"JERRY"&amp#27;[0m                       &amp#27;[90m# com.quinbay.cucumber.steps.LoginSteps.iEnterPasswordAs(java.lang.String)&amp#27;[0m
  &amp#27;[36mThen &amp#27;[0m&amp#27;[36mLogin should fail&amp#27;[0m                                &amp#27;[90m# com.quinbay.cucumber.steps.LoginSteps.loginShouldFail()&amp#27;[0m
  &amp#27;[36mAnd &amp#27;[0m&amp#27;[36mThis is a test&amp#27;[0m                                    &amp#27;[90m# com.quinbay.cucumber.steps.LoginSteps.thisIsATest()&amp#27;[0m
This is a demo of after hook
]]></system-out>
  </testcase>
</testsuite>